2023-10-10T12:25:10+00:00 CRITICAL Cannot redeclare stm_get_array_icons() (previously declared in C:\xampp\htdocs\motors_theme\wp-content\plugins\stm-motors-classified-five\inc\helpers.php:83) in C:\xampp\htdocs\motors_theme\wp-content\plugins\stm-motors-classified-six\inc\helpers.php on line 83

2023-10-10T12:25:21+00:00 CRITICAL Cannot redeclare stm_get_array_icons() (previously declared in C:\xampp\htdocs\motors_theme\wp-content\plugins\stm-motors-classified-five\inc\helpers.php:83) in C:\xampp\htdocs\motors_theme\wp-content\plugins\stm-motors-classified-six\inc\helpers.php on line 83

2023-10-10T12:25:21+00:00 CRITICAL Cannot redeclare stm_get_array_icons() (previously declared in C:\xampp\htdocs\motors_theme\wp-content\plugins\stm-motors-classified-five\inc\helpers.php:83) in C:\xampp\htdocs\motors_theme\wp-content\plugins\stm-motors-classified-six\inc\helpers.php on line 83

2023-10-10T12:29:46+00:00 CRITICAL Uncaught TypeError: strpos(): Argument #1 ($haystack) must be of type string, WP_Error given in C:\xampp\htdocs\motors_theme\wp-content\plugins\woocommerce\includes\admin\helper\class-wc-helper-updater.php:508
Stack trace:
#0 C:\xampp\htdocs\motors_theme\wp-content\plugins\woocommerce\includes\admin\helper\class-wc-helper-updater.php(508): strpos(Object(WP_Error), 'woocommerce-com...')
#1 C:\xampp\htdocs\motors_theme\wp-includes\class-wp-hook.php(312): WC_Helper_Updater::block_expired_updates(false, Object(WP_Error))
#2 C:\xampp\htdocs\motors_theme\wp-includes\plugin.php(205): WP_Hook->apply_filters(false, Array)
#3 C:\xampp\htdocs\motors_theme\wp-admin\includes\class-wp-upgrader.php(317): apply_filters('upgrader_pre_do...', false, Object(WP_Error), Object(Plugin_Upgrader), Array)
#4 C:\xampp\htdocs\motors_theme\wp-admin\includes\class-wp-upgrader.php(826): WP_Upgrader->download_package(Object(WP_Error), true, Array)
#5 C:\xampp\htdocs\motors_theme\wp-admin\includes\class-plugin-upgrader.php(346): WP_Upgrader->run(Array)
#6 C:\xampp\htdocs\motors_theme\wp-admin\includes\ajax-actions.php(4611): Plugin_Upgrader->bulk_upgrade(Array)
#7 C:\xampp\htdocs\motors_theme\wp-includes\class-wp-hook.php(310): wp_ajax_update_plugin('')
#8 C:\xampp\htdocs\motors_theme\wp-includes\class-wp-hook.php(334): WP_Hook->apply_filters('', Array)
#9 C:\xampp\htdocs\motors_theme\wp-includes\plugin.php(517): WP_Hook->do_action(Array)
#10 C:\xampp\htdocs\motors_theme\wp-admin\admin-ajax.php(188): do_action('wp_ajax_update-...')
#11 {main}
  thrown in C:\xampp\htdocs\motors_theme\wp-content\plugins\woocommerce\includes\admin\helper\class-wc-helper-updater.php on line 508

2023-10-10T12:45:00+00:00 CRITICAL Uncaught TypeError: strpos(): Argument #1 ($haystack) must be of type string, WP_Error given in C:\xampp\htdocs\motors_theme\wp-content\plugins\woocommerce\includes\admin\helper\class-wc-helper-updater.php:508
Stack trace:
#0 C:\xampp\htdocs\motors_theme\wp-content\plugins\woocommerce\includes\admin\helper\class-wc-helper-updater.php(508): strpos(Object(WP_Error), 'woocommerce-com...')
#1 C:\xampp\htdocs\motors_theme\wp-includes\class-wp-hook.php(312): WC_Helper_Updater::block_expired_updates(false, Object(WP_Error))
#2 C:\xampp\htdocs\motors_theme\wp-includes\plugin.php(205): WP_Hook->apply_filters(false, Array)
#3 C:\xampp\htdocs\motors_theme\wp-admin\includes\class-wp-upgrader.php(317): apply_filters('upgrader_pre_do...', false, Object(WP_Error), Object(Plugin_Upgrader), Array)
#4 C:\xampp\htdocs\motors_theme\wp-admin\includes\class-wp-upgrader.php(826): WP_Upgrader->download_package(Object(WP_Error), true, Array)
#5 C:\xampp\htdocs\motors_theme\wp-admin\includes\class-plugin-upgrader.php(346): WP_Upgrader->run(Array)
#6 C:\xampp\htdocs\motors_theme\wp-admin\includes\ajax-actions.php(4611): Plugin_Upgrader->bulk_upgrade(Array)
#7 C:\xampp\htdocs\motors_theme\wp-includes\class-wp-hook.php(310): wp_ajax_update_plugin('')
#8 C:\xampp\htdocs\motors_theme\wp-includes\class-wp-hook.php(334): WP_Hook->apply_filters('', Array)
#9 C:\xampp\htdocs\motors_theme\wp-includes\plugin.php(517): WP_Hook->do_action(Array)
#10 C:\xampp\htdocs\motors_theme\wp-admin\admin-ajax.php(188): do_action('wp_ajax_update-...')
#11 {main}
  thrown in C:\xampp\htdocs\motors_theme\wp-content\plugins\woocommerce\includes\admin\helper\class-wc-helper-updater.php on line 508

2023-10-10T12:47:54+00:00 CRITICAL Uncaught TypeError: strpos(): Argument #1 ($haystack) must be of type string, WP_Error given in C:\xampp\htdocs\motors_theme\wp-content\plugins\woocommerce\includes\admin\helper\class-wc-helper-updater.php:508
Stack trace:
#0 C:\xampp\htdocs\motors_theme\wp-content\plugins\woocommerce\includes\admin\helper\class-wc-helper-updater.php(508): strpos(Object(WP_Error), 'woocommerce-com...')
#1 C:\xampp\htdocs\motors_theme\wp-includes\class-wp-hook.php(312): WC_Helper_Updater::block_expired_updates(false, Object(WP_Error))
#2 C:\xampp\htdocs\motors_theme\wp-includes\plugin.php(205): WP_Hook->apply_filters(false, Array)
#3 C:\xampp\htdocs\motors_theme\wp-admin\includes\class-wp-upgrader.php(317): apply_filters('upgrader_pre_do...', false, Object(WP_Error), Object(Plugin_Upgrader), Array)
#4 C:\xampp\htdocs\motors_theme\wp-admin\includes\class-wp-upgrader.php(826): WP_Upgrader->download_package(Object(WP_Error), true, Array)
#5 C:\xampp\htdocs\motors_theme\wp-admin\includes\class-plugin-upgrader.php(346): WP_Upgrader->run(Array)
#6 C:\xampp\htdocs\motors_theme\wp-admin\includes\ajax-actions.php(4611): Plugin_Upgrader->bulk_upgrade(Array)
#7 C:\xampp\htdocs\motors_theme\wp-includes\class-wp-hook.php(310): wp_ajax_update_plugin('')
#8 C:\xampp\htdocs\motors_theme\wp-includes\class-wp-hook.php(334): WP_Hook->apply_filters('', Array)
#9 C:\xampp\htdocs\motors_theme\wp-includes\plugin.php(517): WP_Hook->do_action(Array)
#10 C:\xampp\htdocs\motors_theme\wp-admin\admin-ajax.php(188): do_action('wp_ajax_update-...')
#11 {main}
  thrown in C:\xampp\htdocs\motors_theme\wp-content\plugins\woocommerce\includes\admin\helper\class-wc-helper-updater.php on line 508

2023-10-10T13:19:38+00:00 CRITICAL Maximum execution time of 300 seconds exceeded in C:\xampp\htdocs\motors_theme\wp-content\plugins\elementor\core\files\css\base.php on line 408

2023-10-10T13:25:38+00:00 CRITICAL Uncaught TypeError: strpos(): Argument #1 ($haystack) must be of type string, WP_Error given in C:\xampp\htdocs\motors_theme\wp-content\plugins\envato-market\inc\admin\class-envato-market-admin.php:233
Stack trace:
#0 C:\xampp\htdocs\motors_theme\wp-content\plugins\envato-market\inc\admin\class-envato-market-admin.php(233): strpos(Object(WP_Error), 'marketplace.env...')
#1 C:\xampp\htdocs\motors_theme\wp-includes\class-wp-hook.php(310): Envato_Market_Admin->upgrader_pre_download(false, Object(WP_Error), Object(Plugin_Upgrader), Array)
#2 C:\xampp\htdocs\motors_theme\wp-includes\plugin.php(205): WP_Hook->apply_filters(false, Array)
#3 C:\xampp\htdocs\motors_theme\wp-admin\includes\class-wp-upgrader.php(317): apply_filters('upgrader_pre_do...', false, Object(WP_Error), Object(Plugin_Upgrader), Array)
#4 C:\xampp\htdocs\motors_theme\wp-admin\includes\class-wp-upgrader.php(826): WP_Upgrader->download_package(Object(WP_Error), true, Array)
#5 C:\xampp\htdocs\motors_theme\wp-admin\includes\class-plugin-upgrader.php(346): WP_Upgrader->run(Array)
#6 C:\xampp\htdocs\motors_theme\wp-admin\includes\ajax-actions.php(4611): Plugin_Upgrader->bulk_upgrade(Array)
#7 C:\xampp\htdocs\motors_theme\wp-includes\class-wp-hook.php(310): wp_ajax_update_plugin('')
#8 C:\xampp\htdocs\motors_theme\wp-includes\class-wp-hook.php(334): WP_Hook->apply_filters('', Array)
#9 C:\xampp\htdocs\motors_theme\wp-includes\plugin.php(517): WP_Hook->do_action(Array)
#10 C:\xampp\htdocs\motors_theme\wp-admin\admin-ajax.php(188): do_action('wp_ajax_update-...')
#11 {main}
  thrown in C:\xampp\htdocs\motors_theme\wp-content\plugins\envato-market\inc\admin\class-envato-market-admin.php on line 233

